<?xml version="1.0" encoding="UTF-8"?>
<!-- Generated by org.testng.reporters.JUnitReportReporter -->
<testsuite hostname="WSAMZN-AO2UGDUI" failures="0" tests="1" name="Test_Classes.BrokenLinkandUnBrokenLinkCountTestClass" time="35.323" errors="0" timestamp="2024-07-03T11:18:19 IST" skipped="0">
  <testcase classname="Test_Classes.BrokenLinkandUnBrokenLinkCountTestClass" name="CountBrokenAnUnbrokenLink" time="35.323"/>
  <system-out/>
</testsuite> <!-- Test_Classes.BrokenLinkandUnBrokenLinkCountTestClass -->
